
> deer-river-app@0.1.0 dev
> next dev

 ⚠ Attempted to load @next/swc-win32-x64-msvc, but an error occurred: \\?\C:\Users\shane\OneDrive Outlook.com\OneDrive\Documents\Deer River\deer-river-app\node_modules\@next\swc-win32-x64-msvc\next-swc.win32-x64-msvc.node is not a valid Win32 application.
\\?\C:\Users\shane\OneDrive Outlook.com\OneDrive\Documents\Deer River\deer-river-app\node_modules\@next\swc-win32-x64-msvc\next-swc.win32-x64-msvc.node
 ⚠ Port 3000 is in use, trying 3001 instead.
 ⚠ Port 3001 is in use, trying 3002 instead.
 ⚠ Port 3002 is in use, trying 3003 instead.
 ⚠ Attempted to load @next/swc-win32-x64-msvc, but an error occurred: \\?\C:\Users\shane\OneDrive Outlook.com\OneDrive\Documents\Deer River\deer-river-app\node_modules\@next\swc-win32-x64-msvc\next-swc.win32-x64-msvc.node is not a valid Win32 application.
\\?\C:\Users\shane\OneDrive Outlook.com\OneDrive\Documents\Deer River\deer-river-app\node_modules\@next\swc-win32-x64-msvc\next-swc.win32-x64-msvc.node
   ▲ Next.js 15.1.3
   - Local:        http://localhost:3003
   - Network:      http://192.168.10.119:3003
   - Environments: .env.local

 ✓ Starting...
 ✓ Ready in 2.4s
 ○ Compiling /_not-found ...
 ✓ Compiled /_not-found in 5.7s (597 modules)
 GET /api/test 404 in 5968ms
 ✓ Compiled in 493ms (293 modules)
 GET /api/test 404 in 21ms
 ✓ Compiled in 368ms (290 modules)
 ✓ Compiled in 240ms (290 modules)
 ✓ Compiled in 230ms (290 modules)
 ✓ Compiled in 273ms (290 modules)
<w> [webpack.cache.PackFileCacheStrategy] Caching failed for pack: Error: ENOENT: no such file or directory, rename 'C:\Users\shane\OneDrive Outlook.com\OneDrive\Documents\Deer River\deer-river-app\.next\cache\webpack\client-development\7.pack.gz_' -> 'C:\Users\shane\OneDrive Outlook.com\OneDrive\Documents\Deer River\deer-river-app\.next\cache\webpack\client-development\7.pack.gz'
 ✓ Compiled in 257ms (290 modules)
 ✓ Compiled in 248ms (290 modules)
 ✓ Compiled in 252ms (290 modules)
<w> [webpack.cache.PackFileCacheStrategy] Caching failed for pack: Error: ENOENT: no such file or directory, rename 'C:\Users\shane\OneDrive Outlook.com\OneDrive\Documents\Deer River\deer-river-app\.next\cache\webpack\client-development\0.pack.gz_' -> 'C:\Users\shane\OneDrive Outlook.com\OneDrive\Documents\Deer River\deer-river-app\.next\cache\webpack\client-development\0.pack.gz'
 ✓ Compiled in 293ms (290 modules)
 ✓ Compiled in 353ms (290 modules)
 ✓ Compiled in 294ms (290 modules)
 ✓ Compiled in 219ms (290 modules)
 ✓ Compiled in 203ms (290 modules)
 ✓ Compiled in 217ms (290 modules)
 ✓ Compiled in 282ms (290 modules)
 ✓ Compiled in 197ms (290 modules)
 ✓ Compiled in 296ms (290 modules)
 ✓ Compiled in 233ms (290 modules)
 ✓ Compiled in 301ms (290 modules)
 ✓ Compiled /api/people in 453ms (373 modules)
Fetching people...
 GET /api/people 500 in 584ms
 ✓ Compiled /_not-found in 405ms (580 modules)
 GET /api/test 404 in 536ms
 ✓ Compiled in 716ms (579 modules)
 ✓ Compiled in 203ms (290 modules)
 ✓ Compiled /_not-found in 149ms (565 modules)
[Error: ENOENT: no such file or directory, open 'C:\Users\shane\OneDrive Outlook.com\OneDrive\Documents\Deer River\deer-river-app\.next\server\middleware-manifest.json'] {
  errno: -4058,
  code: 'ENOENT',
  syscall: 'open',
  path: 'C:\\Users\\shane\\OneDrive Outlook.com\\OneDrive\\Documents\\Deer River\\deer-river-app\\.next\\server\\middleware-manifest.json'
}
 ○ Compiling /_error ...
 ✓ Compiled /_error in 1717ms (807 modules)
 GET /api/test 500 in 2265ms
 GET /api/test 500 in 2068ms
[Error: ENOENT: no such file or directory, stat 'C:\Users\shane\OneDrive Outlook.com\OneDrive\Documents\Deer River\deer-river-app\.next\cache\webpack\client-development\0.pack.gz'] {
  errno: -4058,
  code: 'ENOENT',
  syscall: 'stat',
  path: 'C:\\Users\\shane\\OneDrive Outlook.com\\OneDrive\\Documents\\Deer River\\deer-river-app\\.next\\cache\\webpack\\client-development\\0.pack.gz'
}
 ⨯ unhandledRejection: [Error: ENOENT: no such file or directory, stat 'C:\Users\shane\OneDrive Outlook.com\OneDrive\Documents\Deer River\deer-river-app\.next\cache\webpack\client-development\0.pack.gz'] {
  errno: -4058,
  code: 'ENOENT',
  syscall: 'stat',
  path: 'C:\\Users\\shane\\OneDrive Outlook.com\\OneDrive\\Documents\\Deer River\\deer-river-app\\.next\\cache\\webpack\\client-development\\0.pack.gz'
}
 ⨯ unhandledRejection:  [Error: ENOENT: no such file or directory, stat 'C:\Users\shane\OneDrive Outlook.com\OneDrive\Documents\Deer River\deer-river-app\.next\cache\webpack\client-development\0.pack.gz'] {
  errno: -4058,
  code: 'ENOENT',
  syscall: 'stat',
  path: 'C:\\Users\\shane\\OneDrive Outlook.com\\OneDrive\\Documents\\Deer River\\deer-river-app\\.next\\cache\\webpack\\client-development\\0.pack.gz'
}
<w> [webpack.cache.PackFileCacheStrategy] Caching failed for pack: Error: ENOENT: no such file or directory, stat 'C:\Users\shane\OneDrive Outlook.com\OneDrive\Documents\Deer River\deer-river-app\.next\cache\webpack\client-development\0.pack.gz'
[Error: ENOENT: no such file or directory, stat 'C:\Users\shane\OneDrive Outlook.com\OneDrive\Documents\Deer River\deer-river-app\.next\cache\webpack\server-development\2.pack.gz'] {
  errno: -4058,
  code: 'ENOENT',
  syscall: 'stat',
  path: 'C:\\Users\\shane\\OneDrive Outlook.com\\OneDrive\\Documents\\Deer River\\deer-river-app\\.next\\cache\\webpack\\server-development\\2.pack.gz'
}
 ⨯ unhandledRejection: [Error: ENOENT: no such file or directory, stat 'C:\Users\shane\OneDrive Outlook.com\OneDrive\Documents\Deer River\deer-river-app\.next\cache\webpack\server-development\2.pack.gz'] {
  errno: -4058,
  code: 'ENOENT',
  syscall: 'stat',
  path: 'C:\\Users\\shane\\OneDrive Outlook.com\\OneDrive\\Documents\\Deer River\\deer-river-app\\.next\\cache\\webpack\\server-development\\2.pack.gz'
}
 ⨯ unhandledRejection:  [Error: ENOENT: no such file or directory, stat 'C:\Users\shane\OneDrive Outlook.com\OneDrive\Documents\Deer River\deer-river-app\.next\cache\webpack\server-development\2.pack.gz'] {
  errno: -4058,
  code: 'ENOENT',
  syscall: 'stat',
  path: 'C:\\Users\\shane\\OneDrive Outlook.com\\OneDrive\\Documents\\Deer River\\deer-river-app\\.next\\cache\\webpack\\server-development\\2.pack.gz'
}
[Error: ENOENT: no such file or directory, stat 'C:\Users\shane\OneDrive Outlook.com\OneDrive\Documents\Deer River\deer-river-app\.next\cache\webpack\server-development\9.pack.gz'] {
  errno: -4058,
  code: 'ENOENT',
  syscall: 'stat',
  path: 'C:\\Users\\shane\\OneDrive Outlook.com\\OneDrive\\Documents\\Deer River\\deer-river-app\\.next\\cache\\webpack\\server-development\\9.pack.gz'
}
 ⨯ unhandledRejection: [Error: ENOENT: no such file or directory, stat 'C:\Users\shane\OneDrive Outlook.com\OneDrive\Documents\Deer River\deer-river-app\.next\cache\webpack\server-development\9.pack.gz'] {
  errno: -4058,
  code: 'ENOENT',
  syscall: 'stat',
  path: 'C:\\Users\\shane\\OneDrive Outlook.com\\OneDrive\\Documents\\Deer River\\deer-river-app\\.next\\cache\\webpack\\server-development\\9.pack.gz'
}
 ⨯ unhandledRejection:  [Error: ENOENT: no such file or directory, stat 'C:\Users\shane\OneDrive Outlook.com\OneDrive\Documents\Deer River\deer-river-app\.next\cache\webpack\server-development\9.pack.gz'] {
  errno: -4058,
  code: 'ENOENT',
  syscall: 'stat',
  path: 'C:\\Users\\shane\\OneDrive Outlook.com\\OneDrive\\Documents\\Deer River\\deer-river-app\\.next\\cache\\webpack\\server-development\\9.pack.gz'
}
<w> [webpack.cache.PackFileCacheStrategy] Caching failed for pack: Error: ENOENT: no such file or directory, stat 'C:\Users\shane\OneDrive Outlook.com\OneDrive\Documents\Deer River\deer-river-app\.next\cache\webpack\server-development\2.pack.gz'
 ✓ Compiled in 384ms (486 modules)
 ✓ Compiled in 254ms (486 modules)
 ✓ Compiled in 258ms (486 modules)
 ✓ Compiled in 205ms (486 modules)
 ✓ Compiled in 221ms (486 modules)
 ✓ Compiled in 223ms (486 modules)
 ✓ Compiled in 272ms (486 modules)
 ✓ Compiled in 238ms (486 modules)
 ✓ Compiled in 245ms (486 modules)
<w> [webpack.cache.PackFileCacheStrategy] Caching failed for pack: Error: ENOENT: no such file or directory, rename 'C:\Users\shane\OneDrive Outlook.com\OneDrive\Documents\Deer River\deer-river-app\.next\cache\webpack\client-development\0.pack.gz_' -> 'C:\Users\shane\OneDrive Outlook.com\OneDrive\Documents\Deer River\deer-river-app\.next\cache\webpack\client-development\0.pack.gz'
 ✓ Compiled in 233ms (486 modules)
 ✓ Compiled in 202ms (486 modules)
 ✓ Compiled in 191ms (486 modules)
 ✓ Compiled in 200ms (486 modules)
